<?xml version="1.0" encoding="UTF-8"?>
<testng-results ignored="0" total="1" passed="1" failed="0" skipped="0">
  <reporter-output>
  </reporter-output>
  <suite started-at="2022-10-28T21:21:38 IST" name="Default suite" finished-at="2022-10-28T21:21:58 IST" duration-ms="19421">
    <groups>
      <group name="integrationTest">
        <method signature="CreateLeadsTest.createLeads()[pri:0, instance:com.crm.autodesk.LeadsTest.CreateLeadsTest@2c35e847]" name="createLeads" class="com.crm.autodesk.LeadsTest.CreateLeadsTest"/>
      </group> <!-- integrationTest -->
    </groups>
    <test started-at="2022-10-28T21:21:38 IST" name="Default test" finished-at="2022-10-28T21:21:58 IST" duration-ms="19421">
      <class name="com.crm.autodesk.LeadsTest.CreateLeadsTest">
        <test-method is-config="true" signature="beforeTest()[pri:0, instance:com.crm.autodesk.LeadsTest.CreateLeadsTest@2c35e847]" started-at="2022-10-28T21:21:38 IST" name="beforeTest" finished-at="2022-10-28T21:21:38 IST" duration-ms="9" status="PASS">
          <reporter-output>
          </reporter-output>
        </test-method> <!-- beforeTest -->
        <test-method is-config="true" signature="beforeClass()[pri:0, instance:com.crm.autodesk.LeadsTest.CreateLeadsTest@2c35e847]" started-at="2022-10-28T21:21:38 IST" name="beforeClass" finished-at="2022-10-28T21:21:41 IST" duration-ms="2435" status="PASS">
          <reporter-output>
          </reporter-output>
        </test-method> <!-- beforeClass -->
        <test-method is-config="true" signature="beforeMethod()[pri:0, instance:com.crm.autodesk.LeadsTest.CreateLeadsTest@2c35e847]" started-at="2022-10-28T21:21:41 IST" name="beforeMethod" finished-at="2022-10-28T21:21:44 IST" duration-ms="3225" status="PASS">
          <reporter-output>
          </reporter-output>
        </test-method> <!-- beforeMethod -->
        <test-method signature="createLeads()[pri:0, instance:com.crm.autodesk.LeadsTest.CreateLeadsTest@2c35e847]" started-at="2022-10-28T21:21:44 IST" name="createLeads" finished-at="2022-10-28T21:21:55 IST" duration-ms="11558" status="PASS">
          <reporter-output>
          </reporter-output>
        </test-method> <!-- createLeads -->
        <test-method is-config="true" signature="afterMethod()[pri:0, instance:com.crm.autodesk.LeadsTest.CreateLeadsTest@2c35e847]" started-at="2022-10-28T21:21:55 IST" name="afterMethod" finished-at="2022-10-28T21:21:57 IST" duration-ms="1908" status="PASS">
          <reporter-output>
          </reporter-output>
        </test-method> <!-- afterMethod -->
        <test-method is-config="true" signature="afterClass()[pri:0, instance:com.crm.autodesk.LeadsTest.CreateLeadsTest@2c35e847]" started-at="2022-10-28T21:21:57 IST" name="afterClass" finished-at="2022-10-28T21:21:58 IST" duration-ms="230" status="PASS">
          <reporter-output>
          </reporter-output>
        </test-method> <!-- afterClass -->
        <test-method is-config="true" signature="afterTest()[pri:0, instance:com.crm.autodesk.LeadsTest.CreateLeadsTest@2c35e847]" started-at="2022-10-28T21:21:58 IST" name="afterTest" finished-at="2022-10-28T21:21:58 IST" duration-ms="1" status="PASS">
          <reporter-output>
          </reporter-output>
        </test-method> <!-- afterTest -->
        <test-method is-config="true" signature="afterSuite()[pri:0, instance:com.crm.autodesk.LeadsTest.CreateLeadsTest@2c35e847]" started-at="2022-10-28T21:21:58 IST" name="afterSuite" finished-at="2022-10-28T21:21:58 IST" duration-ms="0" status="PASS">
          <reporter-output>
          </reporter-output>
        </test-method> <!-- afterSuite -->
      </class> <!-- com.crm.autodesk.LeadsTest.CreateLeadsTest -->
    </test> <!-- Default test -->
  </suite> <!-- Default suite -->
</testng-results>
